2015-11-13 23:37:32: array(9) {
  ["callerID"]=>
  string(3) "122"
  ["messagetypeID"]=>
  string(15) "MESS_TYPE_VOICE"
  ["words"]=>
  string(33) "switch,off,resets,recess,for,f***"
  ["schemeID"]=>
  NULL
  ["remotekeyID"]=>
  NULL
  ["commandID"]=>
  NULL
  ["commandvalue"]=>
  NULL
  ["selection"]=>
  NULL
  ["mouse"]=>
  NULL
}
string(176) "SELECT vcID, command, MATCH (command) AGAINST ("switch +off resets recess for f*** -all" IN BOOLEAN MODE) as score  FROM ha_voice_commands_sentences ORDER BY score DESC LIMIT 1"
array(3) {
  ["vcID"]=>
  string(2) "76"
  ["command"]=>
  string(35) "switch recess lights in kitchen off"
  ["score"]=>
  string(18) "1.6666667461395264"
}

2015-11-13 23:38:04: array(9) {
  ["callerID"]=>
  string(3) "122"
  ["messagetypeID"]=>
  string(15) "MESS_TYPE_VOICE"
  ["words"]=>
  string(40) "switched,on,recess,lights,in,the,kitchen"
  ["schemeID"]=>
  NULL
  ["remotekeyID"]=>
  NULL
  ["commandID"]=>
  NULL
  ["commandvalue"]=>
  NULL
  ["selection"]=>
  NULL
  ["mouse"]=>
  NULL
}
string(183) "SELECT vcID, command, MATCH (command) AGAINST ("switched +on recess lights in the kitchen -all" IN BOOLEAN MODE) as score  FROM ha_voice_commands_sentences ORDER BY score DESC LIMIT 1"
array(3) {
  ["vcID"]=>
  string(2) "77"
  ["command"]=>
  string(34) "switch recess lights in kitchen on"
  ["score"]=>
  string(18) "2.3333334922790527"
}

2015-11-13 23:38:17: array(9) {
  ["callerID"]=>
  string(3) "122"
  ["messagetypeID"]=>
  string(15) "MESS_TYPE_VOICE"
  ["words"]=>
  string(40) "switch,off,recessed,light,in,the,kitchen"
  ["schemeID"]=>
  NULL
  ["remotekeyID"]=>
  NULL
  ["commandID"]=>
  NULL
  ["commandvalue"]=>
  NULL
  ["selection"]=>
  NULL
  ["mouse"]=>
  NULL
}
string(184) "SELECT vcID, command, MATCH (command) AGAINST ("switch +off recessed light* in the kitchen -all" IN BOOLEAN MODE) as score  FROM ha_voice_commands_sentences ORDER BY score DESC LIMIT 1"
array(3) {
  ["vcID"]=>
  string(2) "76"
  ["command"]=>
  string(37) "switch off recessed lights in kitchen"
  ["score"]=>
  string(18) "2.6666665077209473"
}

2015-11-14 08:55:46: array(9) {
  ["callerID"]=>
  string(3) "122"
  ["messagetypeID"]=>
  string(15) "MESS_TYPE_VOICE"
  ["words"]=>
  string(20) "switch,off,the,rocks"
  ["schemeID"]=>
  NULL
  ["remotekeyID"]=>
  NULL
  ["commandID"]=>
  NULL
  ["commandvalue"]=>
  NULL
  ["selection"]=>
  NULL
  ["mouse"]=>
  NULL
}
string(163) "SELECT vcID, command, MATCH (command) AGAINST ("switch +off the rocks -all" IN BOOLEAN MODE) as score  FROM ha_voice_commands_sentences ORDER BY score DESC LIMIT 1"
array(3) {
  ["vcID"]=>
  string(2) "72"
  ["command"]=>
  string(35) "switch off island lights in kitchen"
  ["score"]=>
  string(18) "1.3333333730697632"
}

2015-11-14 09:43:12: array(9) {
  ["callerID"]=>
  string(3) "122"
  ["messagetypeID"]=>
  string(15) "MESS_TYPE_VOICE"
  ["words"]=>
  string(25) "switch,kitchen,islands,on"
  ["schemeID"]=>
  NULL
  ["remotekeyID"]=>
  NULL
  ["commandID"]=>
  NULL
  ["commandvalue"]=>
  NULL
  ["selection"]=>
  NULL
  ["mouse"]=>
  NULL
}
string(168) "SELECT vcID, command, MATCH (command) AGAINST ("switch kitchen islands +on -all" IN BOOLEAN MODE) as score  FROM ha_voice_commands_sentences ORDER BY score DESC LIMIT 1"
array(3) {
  ["vcID"]=>
  string(2) "73"
  ["command"]=>
  string(30) "switch kitchen island light on"
  ["score"]=>
  string(18) "1.6666667461395264"
}

